2020-09-21 11:39:13.170  INFO 4815 --- [restartedMain] c.a.e.r.ReportingSystemApplication       : Starting ReportingSystemApplication on Jingshi-de-MacBook-Pro.local with PID 4815 (/Users/liujingshi/Documents/assessment/reporting_system/target/classes started by liujingshi in /Users/liujingshi/Documents/assessment/reporting_system)
2020-09-21 11:39:13.178  INFO 4815 --- [restartedMain] c.a.e.r.ReportingSystemApplication       : No active profile set, falling back to default profiles: default
2020-09-21 11:39:13.260  INFO 4815 --- [restartedMain] .e.DevToolsPropertyDefaultsPostProcessor : Devtools property defaults active! Set 'spring.devtools.add-properties' to 'false' to disable
2020-09-21 11:39:13.260  INFO 4815 --- [restartedMain] .e.DevToolsPropertyDefaultsPostProcessor : For additional web related logging consider setting the 'logging.level.web' property to 'DEBUG'
2020-09-21 11:39:14.349  INFO 4815 --- [restartedMain] o.s.b.w.embedded.tomcat.TomcatWebServer  : Tomcat initialized with port(s): 8080 (http)
2020-09-21 11:39:14.356  INFO 4815 --- [restartedMain] o.apache.catalina.core.StandardService   : Starting service [Tomcat]
2020-09-21 11:39:14.357  INFO 4815 --- [restartedMain] org.apache.catalina.core.StandardEngine  : Starting Servlet engine: [Apache Tomcat/9.0.37]
2020-09-21 11:39:14.417  INFO 4815 --- [restartedMain] o.a.c.c.C.[Tomcat].[localhost].[/]       : Initializing Spring embedded WebApplicationContext
2020-09-21 11:39:14.417  INFO 4815 --- [restartedMain] w.s.c.ServletWebServerApplicationContext : Root WebApplicationContext: initialization completed in 1156 ms
2020-09-21 11:39:14.735  INFO 4815 --- [restartedMain] pertySourcedRequestMappingHandlerMapping : Mapped URL path [/v2/api-docs] onto method [springfox.documentation.swagger2.web.Swagger2Controller#getDocumentation(String, HttpServletRequest)]
2020-09-21 11:39:14.796  INFO 4815 --- [restartedMain] o.s.s.concurrent.ThreadPoolTaskExecutor  : Initializing ExecutorService 'applicationTaskExecutor'
2020-09-21 11:39:14.825  INFO 4815 --- [restartedMain] o.s.b.d.a.OptionalLiveReloadServer       : LiveReload server is running on port 35729
2020-09-21 11:39:14.927  INFO 4815 --- [restartedMain] o.s.b.w.embedded.tomcat.TomcatWebServer  : Tomcat started on port(s): 8080 (http) with context path ''
2020-09-21 11:39:14.928  INFO 4815 --- [restartedMain] d.s.w.p.DocumentationPluginsBootstrapper : Context refreshed
2020-09-21 11:39:14.943  INFO 4815 --- [restartedMain] d.s.w.p.DocumentationPluginsBootstrapper : Found 1 custom documentation plugin(s)
2020-09-21 11:39:14.965  INFO 4815 --- [restartedMain] s.d.s.w.s.ApiListingReferenceScanner     : Scanning for api listing references
2020-09-21 11:39:15.094  INFO 4815 --- [restartedMain] c.a.e.r.ReportingSystemApplication       : Started ReportingSystemApplication in 2.29 seconds (JVM running for 3.117)
2020-09-21 11:39:46.158  INFO 4822 --- [main] c.a.e.r.ReportingSystemApplicationTests  : Starting ReportingSystemApplicationTests on Jingshi-de-MacBook-Pro.local with PID 4822 (started by liujingshi in /Users/liujingshi/Documents/assessment/reporting_system)
2020-09-21 11:39:46.160  INFO 4822 --- [main] c.a.e.r.ReportingSystemApplicationTests  : No active profile set, falling back to default profiles: default
2020-09-21 11:39:47.433  INFO 4822 --- [main] o.s.b.w.embedded.tomcat.TomcatWebServer  : Tomcat initialized with port(s): 0 (http)
2020-09-21 11:39:47.445  INFO 4822 --- [main] o.apache.catalina.core.StandardService   : Starting service [Tomcat]
2020-09-21 11:39:47.445  INFO 4822 --- [main] org.apache.catalina.core.StandardEngine  : Starting Servlet engine: [Apache Tomcat/9.0.37]
2020-09-21 11:39:47.537  INFO 4822 --- [main] o.a.c.c.C.[Tomcat].[localhost].[/]       : Initializing Spring embedded WebApplicationContext
2020-09-21 11:39:47.537  INFO 4822 --- [main] w.s.c.ServletWebServerApplicationContext : Root WebApplicationContext: initialization completed in 1181 ms
2020-09-21 11:39:48.120  INFO 4822 --- [main] pertySourcedRequestMappingHandlerMapping : Mapped URL path [/v2/api-docs] onto method [springfox.documentation.swagger2.web.Swagger2Controller#getDocumentation(String, HttpServletRequest)]
2020-09-21 11:39:48.258  INFO 4822 --- [main] o.s.s.concurrent.ThreadPoolTaskExecutor  : Initializing ExecutorService 'applicationTaskExecutor'
2020-09-21 11:39:48.748  INFO 4822 --- [main] o.s.b.w.embedded.tomcat.TomcatWebServer  : Tomcat started on port(s): 60996 (http) with context path ''
2020-09-21 11:39:48.749  INFO 4822 --- [main] d.s.w.p.DocumentationPluginsBootstrapper : Context refreshed
2020-09-21 11:39:48.766  INFO 4822 --- [main] d.s.w.p.DocumentationPluginsBootstrapper : Found 1 custom documentation plugin(s)
2020-09-21 11:39:48.792  INFO 4822 --- [main] s.d.s.w.s.ApiListingReferenceScanner     : Scanning for api listing references
2020-09-21 11:39:48.923  INFO 4822 --- [main] c.a.e.r.ReportingSystemApplicationTests  : Started ReportingSystemApplicationTests in 3.118 seconds (JVM running for 4.053)
2020-09-21 11:39:50.822  INFO 4822 --- [SpringContextShutdownHook] o.s.s.concurrent.ThreadPoolTaskExecutor  : Shutting down ExecutorService 'applicationTaskExecutor'
2020-09-21 11:40:17.493  INFO 4815 --- [http-nio-8080-exec-1] o.a.c.c.C.[Tomcat].[localhost].[/]       : Initializing Spring DispatcherServlet 'dispatcherServlet'
2020-09-21 11:40:17.493  INFO 4815 --- [http-nio-8080-exec-1] o.s.web.servlet.DispatcherServlet        : Initializing Servlet 'dispatcherServlet'
2020-09-21 11:40:17.498  INFO 4815 --- [http-nio-8080-exec-1] o.s.web.servlet.DispatcherServlet        : Completed initialization in 4 ms
2020-09-21 11:41:25.004 ERROR 4815 --- [http-nio-8080-exec-6] c.a.e.r.e.GlobalExceptionHandler         : cannot delete excel file:aY9qzgNB1
2020-09-21 11:41:25.005  WARN 4815 --- [http-nio-8080-exec-6] .m.m.a.ExceptionHandlerExceptionResolver : Resolved [com.antra.evaluation.reporting_system.exception.FileNotExitException: cannot delete excel file:aY9qzgNB1]
2020-09-21 11:42:36.134 ERROR 4815 --- [http-nio-8080-exec-2] c.a.e.r.e.GlobalExceptionHandler         : Excel Data Error: invalid splitBy parameter
2020-09-21 11:42:36.135  WARN 4815 --- [http-nio-8080-exec-2] .m.m.a.ExceptionHandlerExceptionResolver : Resolved [com.antra.evaluation.reporting_system.exception.InvalidDataException: Excel Data Error: invalid splitBy parameter]
2020-09-21 11:44:45.732  INFO 4815 --- [SpringContextShutdownHook] o.s.s.concurrent.ThreadPoolTaskExecutor  : Shutting down ExecutorService 'applicationTaskExecutor'
